06-Sep-2023 23:00:08.394 資訊 [main] org.apache.catalina.startup.VersionLoggerListener.log Server version name:   Apache Tomcat/9.0.31
06-Sep-2023 23:00:08.396 資訊 [main] org.apache.catalina.startup.VersionLoggerListener.log Server built:          Feb 5 2020 19:32:12 UTC
06-Sep-2023 23:00:08.397 資訊 [main] org.apache.catalina.startup.VersionLoggerListener.log Server version number: 9.0.31.0
06-Sep-2023 23:00:08.397 資訊 [main] org.apache.catalina.startup.VersionLoggerListener.log OS Name:               Windows 11
06-Sep-2023 23:00:08.397 資訊 [main] org.apache.catalina.startup.VersionLoggerListener.log OS Version:            10.0
06-Sep-2023 23:00:08.398 資訊 [main] org.apache.catalina.startup.VersionLoggerListener.log Architecture:          amd64
06-Sep-2023 23:00:08.398 資訊 [main] org.apache.catalina.startup.VersionLoggerListener.log Java Home:             C:\jdk8\jre
06-Sep-2023 23:00:08.398 資訊 [main] org.apache.catalina.startup.VersionLoggerListener.log JVM Version:           1.8.0_361-b09
06-Sep-2023 23:00:08.398 資訊 [main] org.apache.catalina.startup.VersionLoggerListener.log JVM Vendor:            Oracle Corporation
06-Sep-2023 23:00:08.399 資訊 [main] org.apache.catalina.startup.VersionLoggerListener.log CATALINA_BASE:         C:\MyWeb\apache-tomcat-9.0.31
06-Sep-2023 23:00:08.399 資訊 [main] org.apache.catalina.startup.VersionLoggerListener.log CATALINA_HOME:         C:\MyWeb\apache-tomcat-9.0.31
06-Sep-2023 23:00:08.400 資訊 [main] org.apache.catalina.startup.VersionLoggerListener.log Command line argument: -Djava.util.logging.config.file=C:\MyWeb\apache-tomcat-9.0.31\conf\logging.properties
06-Sep-2023 23:00:08.400 資訊 [main] org.apache.catalina.startup.VersionLoggerListener.log Command line argument: -Djava.util.logging.manager=org.apache.juli.ClassLoaderLogManager
06-Sep-2023 23:00:08.400 資訊 [main] org.apache.catalina.startup.VersionLoggerListener.log Command line argument: -Djdk.tls.ephemeralDHKeySize=2048
06-Sep-2023 23:00:08.401 資訊 [main] org.apache.catalina.startup.VersionLoggerListener.log Command line argument: -Djava.protocol.handler.pkgs=org.apache.catalina.webresources
06-Sep-2023 23:00:08.401 資訊 [main] org.apache.catalina.startup.VersionLoggerListener.log Command line argument: -Dignore.endorsed.dirs=
06-Sep-2023 23:00:08.401 資訊 [main] org.apache.catalina.startup.VersionLoggerListener.log Command line argument: -Dcatalina.base=C:\MyWeb\apache-tomcat-9.0.31
06-Sep-2023 23:00:08.401 資訊 [main] org.apache.catalina.startup.VersionLoggerListener.log Command line argument: -Dcatalina.home=C:\MyWeb\apache-tomcat-9.0.31
06-Sep-2023 23:00:08.401 資訊 [main] org.apache.catalina.startup.VersionLoggerListener.log Command line argument: -Djava.io.tmpdir=C:\MyWeb\apache-tomcat-9.0.31\temp
06-Sep-2023 23:00:08.401 資訊 [main] org.apache.catalina.core.AprLifecycleListener.lifecycleEvent Loaded APR based Apache Tomcat Native library [1.2.23] using APR version [1.7.0].
06-Sep-2023 23:00:08.402 資訊 [main] org.apache.catalina.core.AprLifecycleListener.lifecycleEvent APR capabilities: IPv6 [true], sendfile [true], accept filters [false], random [true].
06-Sep-2023 23:00:08.402 資訊 [main] org.apache.catalina.core.AprLifecycleListener.lifecycleEvent APR/OpenSSL configuration: useAprConnector [false], useOpenSSL [true]
06-Sep-2023 23:00:08.405 資訊 [main] org.apache.catalina.core.AprLifecycleListener.initializeSSL OpenSSL successfully initialized [OpenSSL 1.1.1c  28 May 2019]
06-Sep-2023 23:00:08.623 資訊 [main] org.apache.coyote.AbstractProtocol.init Initializing ProtocolHandler ["http-nio-8080"]
06-Sep-2023 23:00:08.762 資訊 [main] org.apache.catalina.startup.Catalina.load Server initialization in [505] milliseconds
06-Sep-2023 23:00:08.784 資訊 [main] org.apache.catalina.core.StandardService.startInternal Starting service [Catalina]
06-Sep-2023 23:00:08.785 資訊 [main] org.apache.catalina.core.StandardEngine.startInternal Starting Servlet engine: [Apache Tomcat/9.0.31]
06-Sep-2023 23:00:08.792 資訊 [main] org.apache.catalina.startup.HostConfig.deployDirectory Deploying web application directory [C:\MyWeb\apache-tomcat-9.0.31\webapps\docs]
06-Sep-2023 23:00:08.966 資訊 [main] org.apache.catalina.startup.HostConfig.deployDirectory Deployment of web application directory [C:\MyWeb\apache-tomcat-9.0.31\webapps\docs] has finished in [174] ms
06-Sep-2023 23:00:08.968 資訊 [main] org.apache.catalina.startup.HostConfig.deployDirectory Deploying web application directory [C:\MyWeb\apache-tomcat-9.0.31\webapps\examples]
06-Sep-2023 23:00:09.172 資訊 [main] org.apache.catalina.startup.HostConfig.deployDirectory Deployment of web application directory [C:\MyWeb\apache-tomcat-9.0.31\webapps\examples] has finished in [203] ms
06-Sep-2023 23:00:09.172 資訊 [main] org.apache.catalina.startup.HostConfig.deployDirectory Deploying web application directory [C:\MyWeb\apache-tomcat-9.0.31\webapps\host-manager]
06-Sep-2023 23:00:09.199 資訊 [main] org.apache.catalina.startup.HostConfig.deployDirectory Deployment of web application directory [C:\MyWeb\apache-tomcat-9.0.31\webapps\host-manager] has finished in [27] ms
06-Sep-2023 23:00:09.200 資訊 [main] org.apache.catalina.startup.HostConfig.deployDirectory Deploying web application directory [C:\MyWeb\apache-tomcat-9.0.31\webapps\manager]
06-Sep-2023 23:00:09.218 資訊 [main] org.apache.catalina.startup.HostConfig.deployDirectory Deployment of web application directory [C:\MyWeb\apache-tomcat-9.0.31\webapps\manager] has finished in [18] ms
06-Sep-2023 23:00:09.219 資訊 [main] org.apache.catalina.startup.HostConfig.deployDirectory Deploying web application directory [C:\MyWeb\apache-tomcat-9.0.31\webapps\ROOT]
06-Sep-2023 23:00:09.239 資訊 [main] org.apache.catalina.startup.HostConfig.deployDirectory Deployment of web application directory [C:\MyWeb\apache-tomcat-9.0.31\webapps\ROOT] has finished in [20] ms
06-Sep-2023 23:00:09.242 資訊 [main] org.apache.coyote.AbstractProtocol.start Starting ProtocolHandler ["http-nio-8080"]
06-Sep-2023 23:00:09.249 資訊 [main] org.apache.catalina.startup.Catalina.start Server startup in [486] milliseconds
06-Sep-2023 23:02:05.891 嚴重 [main] org.apache.catalina.startup.Catalina.stopServer Could not contact [localhost:8005] (base port [8005] and offset [0]). Tomcat may not be running.
06-Sep-2023 23:02:11.403 資訊 [main] org.apache.catalina.startup.VersionLoggerListener.log Server version name:   Apache Tomcat/9.0.31
06-Sep-2023 23:02:11.405 資訊 [main] org.apache.catalina.startup.VersionLoggerListener.log Server built:          Feb 5 2020 19:32:12 UTC
06-Sep-2023 23:02:11.406 資訊 [main] org.apache.catalina.startup.VersionLoggerListener.log Server version number: 9.0.31.0
06-Sep-2023 23:02:11.406 資訊 [main] org.apache.catalina.startup.VersionLoggerListener.log OS Name:               Windows 11
06-Sep-2023 23:02:11.406 資訊 [main] org.apache.catalina.startup.VersionLoggerListener.log OS Version:            10.0
06-Sep-2023 23:02:11.406 資訊 [main] org.apache.catalina.startup.VersionLoggerListener.log Architecture:          amd64
06-Sep-2023 23:02:11.406 資訊 [main] org.apache.catalina.startup.VersionLoggerListener.log Java Home:             C:\jdk8\jre
06-Sep-2023 23:02:11.407 資訊 [main] org.apache.catalina.startup.VersionLoggerListener.log JVM Version:           1.8.0_361-b09
06-Sep-2023 23:02:11.407 資訊 [main] org.apache.catalina.startup.VersionLoggerListener.log JVM Vendor:            Oracle Corporation
06-Sep-2023 23:02:11.407 資訊 [main] org.apache.catalina.startup.VersionLoggerListener.log CATALINA_BASE:         C:\MyWeb\apache-tomcat-9.0.31
06-Sep-2023 23:02:11.407 資訊 [main] org.apache.catalina.startup.VersionLoggerListener.log CATALINA_HOME:         C:\MyWeb\apache-tomcat-9.0.31
06-Sep-2023 23:02:11.408 資訊 [main] org.apache.catalina.startup.VersionLoggerListener.log Command line argument: -Djava.util.logging.config.file=C:\MyWeb\apache-tomcat-9.0.31\conf\logging.properties
06-Sep-2023 23:02:11.408 資訊 [main] org.apache.catalina.startup.VersionLoggerListener.log Command line argument: -Djava.util.logging.manager=org.apache.juli.ClassLoaderLogManager
06-Sep-2023 23:02:11.408 資訊 [main] org.apache.catalina.startup.VersionLoggerListener.log Command line argument: -Djdk.tls.ephemeralDHKeySize=2048
06-Sep-2023 23:02:11.409 資訊 [main] org.apache.catalina.startup.VersionLoggerListener.log Command line argument: -Djava.protocol.handler.pkgs=org.apache.catalina.webresources
06-Sep-2023 23:02:11.409 資訊 [main] org.apache.catalina.startup.VersionLoggerListener.log Command line argument: -Dignore.endorsed.dirs=
06-Sep-2023 23:02:11.409 資訊 [main] org.apache.catalina.startup.VersionLoggerListener.log Command line argument: -Dcatalina.base=C:\MyWeb\apache-tomcat-9.0.31
06-Sep-2023 23:02:11.409 資訊 [main] org.apache.catalina.startup.VersionLoggerListener.log Command line argument: -Dcatalina.home=C:\MyWeb\apache-tomcat-9.0.31
06-Sep-2023 23:02:11.410 資訊 [main] org.apache.catalina.startup.VersionLoggerListener.log Command line argument: -Djava.io.tmpdir=C:\MyWeb\apache-tomcat-9.0.31\temp
06-Sep-2023 23:02:11.410 資訊 [main] org.apache.catalina.core.AprLifecycleListener.lifecycleEvent Loaded APR based Apache Tomcat Native library [1.2.23] using APR version [1.7.0].
06-Sep-2023 23:02:11.410 資訊 [main] org.apache.catalina.core.AprLifecycleListener.lifecycleEvent APR capabilities: IPv6 [true], sendfile [true], accept filters [false], random [true].
06-Sep-2023 23:02:11.410 資訊 [main] org.apache.catalina.core.AprLifecycleListener.lifecycleEvent APR/OpenSSL configuration: useAprConnector [false], useOpenSSL [true]
06-Sep-2023 23:02:11.414 資訊 [main] org.apache.catalina.core.AprLifecycleListener.initializeSSL OpenSSL successfully initialized [OpenSSL 1.1.1c  28 May 2019]
06-Sep-2023 23:02:11.633 資訊 [main] org.apache.coyote.AbstractProtocol.init Initializing ProtocolHandler ["http-nio-8080"]
06-Sep-2023 23:02:11.757 資訊 [main] org.apache.catalina.startup.Catalina.load Server initialization in [492] milliseconds
06-Sep-2023 23:02:11.785 資訊 [main] org.apache.catalina.core.StandardService.startInternal Starting service [Catalina]
06-Sep-2023 23:02:11.786 資訊 [main] org.apache.catalina.core.StandardEngine.startInternal Starting Servlet engine: [Apache Tomcat/9.0.31]
06-Sep-2023 23:02:11.791 資訊 [main] org.apache.catalina.startup.HostConfig.deployDirectory Deploying web application directory [C:\MyWeb\apache-tomcat-9.0.31\webapps\docs]
06-Sep-2023 23:02:11.950 資訊 [main] org.apache.catalina.startup.HostConfig.deployDirectory Deployment of web application directory [C:\MyWeb\apache-tomcat-9.0.31\webapps\docs] has finished in [159] ms
06-Sep-2023 23:02:11.951 資訊 [main] org.apache.catalina.startup.HostConfig.deployDirectory Deploying web application directory [C:\MyWeb\apache-tomcat-9.0.31\webapps\examples]
06-Sep-2023 23:02:12.152 資訊 [main] org.apache.catalina.startup.HostConfig.deployDirectory Deployment of web application directory [C:\MyWeb\apache-tomcat-9.0.31\webapps\examples] has finished in [201] ms
06-Sep-2023 23:02:12.153 資訊 [main] org.apache.catalina.startup.HostConfig.deployDirectory Deploying web application directory [C:\MyWeb\apache-tomcat-9.0.31\webapps\host-manager]
06-Sep-2023 23:02:12.172 資訊 [main] org.apache.catalina.startup.HostConfig.deployDirectory Deployment of web application directory [C:\MyWeb\apache-tomcat-9.0.31\webapps\host-manager] has finished in [18] ms
06-Sep-2023 23:02:12.172 資訊 [main] org.apache.catalina.startup.HostConfig.deployDirectory Deploying web application directory [C:\MyWeb\apache-tomcat-9.0.31\webapps\manager]
06-Sep-2023 23:02:12.194 資訊 [main] org.apache.catalina.startup.HostConfig.deployDirectory Deployment of web application directory [C:\MyWeb\apache-tomcat-9.0.31\webapps\manager] has finished in [22] ms
06-Sep-2023 23:02:12.195 資訊 [main] org.apache.catalina.startup.HostConfig.deployDirectory Deploying web application directory [C:\MyWeb\apache-tomcat-9.0.31\webapps\ROOT]
06-Sep-2023 23:02:12.211 資訊 [main] org.apache.catalina.startup.HostConfig.deployDirectory Deployment of web application directory [C:\MyWeb\apache-tomcat-9.0.31\webapps\ROOT] has finished in [16] ms
06-Sep-2023 23:02:12.214 資訊 [main] org.apache.coyote.AbstractProtocol.start Starting ProtocolHandler ["http-nio-8080"]
06-Sep-2023 23:02:12.223 資訊 [main] org.apache.catalina.startup.Catalina.start Server startup in [461] milliseconds
06-Sep-2023 23:02:28.815 嚴重 [main] org.apache.catalina.startup.Catalina.stopServer Could not contact [localhost:8005] (base port [8005] and offset [0]). Tomcat may not be running.
06-Sep-2023 23:02:28.820 嚴重 [main] org.apache.catalina.startup.Catalina.stopServer Error stopping Catalina
	java.net.ConnectException: Connection refused: connect
		at java.net.DualStackPlainSocketImpl.connect0(Native Method)
		at java.net.DualStackPlainSocketImpl.socketConnect(DualStackPlainSocketImpl.java:75)
		at java.net.AbstractPlainSocketImpl.doConnect(AbstractPlainSocketImpl.java:476)
		at java.net.AbstractPlainSocketImpl.connectToAddress(AbstractPlainSocketImpl.java:218)
		at java.net.AbstractPlainSocketImpl.connect(AbstractPlainSocketImpl.java:200)
		at java.net.PlainSocketImpl.connect(PlainSocketImpl.java:162)
		at java.net.SocksSocketImpl.connect(SocksSocketImpl.java:394)
		at java.net.Socket.connect(Socket.java:606)
		at java.net.Socket.connect(Socket.java:555)
		at java.net.Socket.<init>(Socket.java:451)
		at java.net.Socket.<init>(Socket.java:228)
		at org.apache.catalina.startup.Catalina.stopServer(Catalina.java:513)
		at sun.reflect.NativeMethodAccessorImpl.invoke0(Native Method)
		at sun.reflect.NativeMethodAccessorImpl.invoke(NativeMethodAccessorImpl.java:62)
		at sun.reflect.DelegatingMethodAccessorImpl.invoke(DelegatingMethodAccessorImpl.java:43)
		at java.lang.reflect.Method.invoke(Method.java:498)
		at org.apache.catalina.startup.Bootstrap.stopServer(Bootstrap.java:389)
		at org.apache.catalina.startup.Bootstrap.main(Bootstrap.java:479)
06-Sep-2023 23:31:23.001 資訊 [main] org.apache.catalina.startup.VersionLoggerListener.log Server version name:   Apache Tomcat/9.0.31
06-Sep-2023 23:31:23.004 資訊 [main] org.apache.catalina.startup.VersionLoggerListener.log Server built:          Feb 5 2020 19:32:12 UTC
06-Sep-2023 23:31:23.004 資訊 [main] org.apache.catalina.startup.VersionLoggerListener.log Server version number: 9.0.31.0
06-Sep-2023 23:31:23.004 資訊 [main] org.apache.catalina.startup.VersionLoggerListener.log OS Name:               Windows 11
06-Sep-2023 23:31:23.005 資訊 [main] org.apache.catalina.startup.VersionLoggerListener.log OS Version:            10.0
06-Sep-2023 23:31:23.005 資訊 [main] org.apache.catalina.startup.VersionLoggerListener.log Architecture:          amd64
06-Sep-2023 23:31:23.005 資訊 [main] org.apache.catalina.startup.VersionLoggerListener.log Java Home:             C:\jdk8\jre
06-Sep-2023 23:31:23.005 資訊 [main] org.apache.catalina.startup.VersionLoggerListener.log JVM Version:           1.8.0_361-b09
06-Sep-2023 23:31:23.006 資訊 [main] org.apache.catalina.startup.VersionLoggerListener.log JVM Vendor:            Oracle Corporation
06-Sep-2023 23:31:23.006 資訊 [main] org.apache.catalina.startup.VersionLoggerListener.log CATALINA_BASE:         C:\MyWeb\apache-tomcat-9.0.31
06-Sep-2023 23:31:23.006 資訊 [main] org.apache.catalina.startup.VersionLoggerListener.log CATALINA_HOME:         C:\MyWeb\apache-tomcat-9.0.31
06-Sep-2023 23:31:23.007 資訊 [main] org.apache.catalina.startup.VersionLoggerListener.log Command line argument: -Djava.util.logging.config.file=C:\MyWeb\apache-tomcat-9.0.31\conf\logging.properties
06-Sep-2023 23:31:23.008 資訊 [main] org.apache.catalina.startup.VersionLoggerListener.log Command line argument: -Djava.util.logging.manager=org.apache.juli.ClassLoaderLogManager
06-Sep-2023 23:31:23.008 資訊 [main] org.apache.catalina.startup.VersionLoggerListener.log Command line argument: -Djdk.tls.ephemeralDHKeySize=2048
06-Sep-2023 23:31:23.008 資訊 [main] org.apache.catalina.startup.VersionLoggerListener.log Command line argument: -Djava.protocol.handler.pkgs=org.apache.catalina.webresources
06-Sep-2023 23:31:23.009 資訊 [main] org.apache.catalina.startup.VersionLoggerListener.log Command line argument: -Dignore.endorsed.dirs=
06-Sep-2023 23:31:23.009 資訊 [main] org.apache.catalina.startup.VersionLoggerListener.log Command line argument: -Dcatalina.base=C:\MyWeb\apache-tomcat-9.0.31
06-Sep-2023 23:31:23.009 資訊 [main] org.apache.catalina.startup.VersionLoggerListener.log Command line argument: -Dcatalina.home=C:\MyWeb\apache-tomcat-9.0.31
06-Sep-2023 23:31:23.010 資訊 [main] org.apache.catalina.startup.VersionLoggerListener.log Command line argument: -Djava.io.tmpdir=C:\MyWeb\apache-tomcat-9.0.31\temp
06-Sep-2023 23:31:23.010 資訊 [main] org.apache.catalina.core.AprLifecycleListener.lifecycleEvent Loaded APR based Apache Tomcat Native library [1.2.23] using APR version [1.7.0].
06-Sep-2023 23:31:23.010 資訊 [main] org.apache.catalina.core.AprLifecycleListener.lifecycleEvent APR capabilities: IPv6 [true], sendfile [true], accept filters [false], random [true].
06-Sep-2023 23:31:23.010 資訊 [main] org.apache.catalina.core.AprLifecycleListener.lifecycleEvent APR/OpenSSL configuration: useAprConnector [false], useOpenSSL [true]
06-Sep-2023 23:31:23.015 資訊 [main] org.apache.catalina.core.AprLifecycleListener.initializeSSL OpenSSL successfully initialized [OpenSSL 1.1.1c  28 May 2019]
06-Sep-2023 23:31:23.241 資訊 [main] org.apache.coyote.AbstractProtocol.init Initializing ProtocolHandler ["http-nio-8080"]
06-Sep-2023 23:31:23.370 資訊 [main] org.apache.catalina.startup.Catalina.load Server initialization in [495] milliseconds
06-Sep-2023 23:31:23.397 資訊 [main] org.apache.catalina.core.StandardService.startInternal Starting service [Catalina]
06-Sep-2023 23:31:23.397 資訊 [main] org.apache.catalina.core.StandardEngine.startInternal Starting Servlet engine: [Apache Tomcat/9.0.31]
06-Sep-2023 23:31:23.404 資訊 [main] org.apache.catalina.startup.HostConfig.deployDirectory Deploying web application directory [C:\MyWeb\apache-tomcat-9.0.31\webapps\docs]
06-Sep-2023 23:31:23.571 資訊 [main] org.apache.catalina.startup.HostConfig.deployDirectory Deployment of web application directory [C:\MyWeb\apache-tomcat-9.0.31\webapps\docs] has finished in [167] ms
06-Sep-2023 23:31:23.571 資訊 [main] org.apache.catalina.startup.HostConfig.deployDirectory Deploying web application directory [C:\MyWeb\apache-tomcat-9.0.31\webapps\examples]
06-Sep-2023 23:31:23.800 資訊 [main] org.apache.catalina.startup.HostConfig.deployDirectory Deployment of web application directory [C:\MyWeb\apache-tomcat-9.0.31\webapps\examples] has finished in [229] ms
06-Sep-2023 23:31:23.801 資訊 [main] org.apache.catalina.startup.HostConfig.deployDirectory Deploying web application directory [C:\MyWeb\apache-tomcat-9.0.31\webapps\host-manager]
06-Sep-2023 23:31:23.833 資訊 [main] org.apache.catalina.startup.HostConfig.deployDirectory Deployment of web application directory [C:\MyWeb\apache-tomcat-9.0.31\webapps\host-manager] has finished in [32] ms
06-Sep-2023 23:31:23.833 資訊 [main] org.apache.catalina.startup.HostConfig.deployDirectory Deploying web application directory [C:\MyWeb\apache-tomcat-9.0.31\webapps\manager]
06-Sep-2023 23:31:23.854 資訊 [main] org.apache.catalina.startup.HostConfig.deployDirectory Deployment of web application directory [C:\MyWeb\apache-tomcat-9.0.31\webapps\manager] has finished in [20] ms
06-Sep-2023 23:31:23.854 資訊 [main] org.apache.catalina.startup.HostConfig.deployDirectory Deploying web application directory [C:\MyWeb\apache-tomcat-9.0.31\webapps\ROOT]
06-Sep-2023 23:31:23.876 資訊 [main] org.apache.catalina.startup.HostConfig.deployDirectory Deployment of web application directory [C:\MyWeb\apache-tomcat-9.0.31\webapps\ROOT] has finished in [22] ms
06-Sep-2023 23:31:23.881 資訊 [main] org.apache.coyote.AbstractProtocol.start Starting ProtocolHandler ["http-nio-8080"]
06-Sep-2023 23:31:23.890 資訊 [main] org.apache.catalina.startup.Catalina.start Server startup in [518] milliseconds
06-Sep-2023 23:37:38.363 嚴重 [main] org.apache.catalina.startup.Catalina.stopServer Could not contact [localhost:8005] (base port [8005] and offset [0]). Tomcat may not be running.
06-Sep-2023 23:37:38.366 嚴重 [main] org.apache.catalina.startup.Catalina.stopServer Error stopping Catalina
	java.net.ConnectException: Connection refused: connect
		at java.net.DualStackPlainSocketImpl.connect0(Native Method)
		at java.net.DualStackPlainSocketImpl.socketConnect(DualStackPlainSocketImpl.java:75)
		at java.net.AbstractPlainSocketImpl.doConnect(AbstractPlainSocketImpl.java:476)
		at java.net.AbstractPlainSocketImpl.connectToAddress(AbstractPlainSocketImpl.java:218)
		at java.net.AbstractPlainSocketImpl.connect(AbstractPlainSocketImpl.java:200)
		at java.net.PlainSocketImpl.connect(PlainSocketImpl.java:162)
		at java.net.SocksSocketImpl.connect(SocksSocketImpl.java:394)
		at java.net.Socket.connect(Socket.java:606)
		at java.net.Socket.connect(Socket.java:555)
		at java.net.Socket.<init>(Socket.java:451)
		at java.net.Socket.<init>(Socket.java:228)
		at org.apache.catalina.startup.Catalina.stopServer(Catalina.java:513)
		at sun.reflect.NativeMethodAccessorImpl.invoke0(Native Method)
		at sun.reflect.NativeMethodAccessorImpl.invoke(NativeMethodAccessorImpl.java:62)
		at sun.reflect.DelegatingMethodAccessorImpl.invoke(DelegatingMethodAccessorImpl.java:43)
		at java.lang.reflect.Method.invoke(Method.java:498)
		at org.apache.catalina.startup.Bootstrap.stopServer(Bootstrap.java:389)
		at org.apache.catalina.startup.Bootstrap.main(Bootstrap.java:479)
06-Sep-2023 23:47:24.552 嚴重 [main] org.apache.catalina.startup.Catalina.stopServer Could not contact [localhost:8005] (base port [8005] and offset [0]). Tomcat may not be running.
06-Sep-2023 23:47:24.559 嚴重 [main] org.apache.catalina.startup.Catalina.stopServer Error stopping Catalina
	java.net.ConnectException: Connection refused: connect
		at java.net.DualStackPlainSocketImpl.connect0(Native Method)
		at java.net.DualStackPlainSocketImpl.socketConnect(DualStackPlainSocketImpl.java:75)
		at java.net.AbstractPlainSocketImpl.doConnect(AbstractPlainSocketImpl.java:476)
		at java.net.AbstractPlainSocketImpl.connectToAddress(AbstractPlainSocketImpl.java:218)
		at java.net.AbstractPlainSocketImpl.connect(AbstractPlainSocketImpl.java:200)
		at java.net.PlainSocketImpl.connect(PlainSocketImpl.java:162)
		at java.net.SocksSocketImpl.connect(SocksSocketImpl.java:394)
		at java.net.Socket.connect(Socket.java:606)
		at java.net.Socket.connect(Socket.java:555)
		at java.net.Socket.<init>(Socket.java:451)
		at java.net.Socket.<init>(Socket.java:228)
		at org.apache.catalina.startup.Catalina.stopServer(Catalina.java:513)
		at sun.reflect.NativeMethodAccessorImpl.invoke0(Native Method)
		at sun.reflect.NativeMethodAccessorImpl.invoke(NativeMethodAccessorImpl.java:62)
		at sun.reflect.DelegatingMethodAccessorImpl.invoke(DelegatingMethodAccessorImpl.java:43)
		at java.lang.reflect.Method.invoke(Method.java:498)
		at org.apache.catalina.startup.Bootstrap.stopServer(Bootstrap.java:389)
		at org.apache.catalina.startup.Bootstrap.main(Bootstrap.java:479)
