17-Oct-2023 11:49:58.061 嚴重 [main] org.apache.catalina.startup.Catalina.stopServer Could not contact [localhost:8005] (base port [8005] and offset [0]). Tomcat may not be running.
17-Oct-2023 11:49:58.066 嚴重 [main] org.apache.catalina.startup.Catalina.stopServer Error stopping Catalina
	java.net.ConnectException: Connection refused: connect
		at java.net.DualStackPlainSocketImpl.connect0(Native Method)
		at java.net.DualStackPlainSocketImpl.socketConnect(DualStackPlainSocketImpl.java:75)
		at java.net.AbstractPlainSocketImpl.doConnect(AbstractPlainSocketImpl.java:476)
		at java.net.AbstractPlainSocketImpl.connectToAddress(AbstractPlainSocketImpl.java:218)
		at java.net.AbstractPlainSocketImpl.connect(AbstractPlainSocketImpl.java:200)
		at java.net.PlainSocketImpl.connect(PlainSocketImpl.java:162)
		at java.net.SocksSocketImpl.connect(SocksSocketImpl.java:394)
		at java.net.Socket.connect(Socket.java:606)
		at java.net.Socket.connect(Socket.java:555)
		at java.net.Socket.<init>(Socket.java:451)
		at java.net.Socket.<init>(Socket.java:228)
		at org.apache.catalina.startup.Catalina.stopServer(Catalina.java:513)
		at sun.reflect.NativeMethodAccessorImpl.invoke0(Native Method)
		at sun.reflect.NativeMethodAccessorImpl.invoke(NativeMethodAccessorImpl.java:62)
		at sun.reflect.DelegatingMethodAccessorImpl.invoke(DelegatingMethodAccessorImpl.java:43)
		at java.lang.reflect.Method.invoke(Method.java:498)
		at org.apache.catalina.startup.Bootstrap.stopServer(Bootstrap.java:389)
		at org.apache.catalina.startup.Bootstrap.main(Bootstrap.java:479)
17-Oct-2023 11:50:00.423 資訊 [main] org.apache.catalina.startup.VersionLoggerListener.log Server version name:   Apache Tomcat/9.0.31
17-Oct-2023 11:50:00.426 資訊 [main] org.apache.catalina.startup.VersionLoggerListener.log Server built:          Feb 5 2020 19:32:12 UTC
17-Oct-2023 11:50:00.426 資訊 [main] org.apache.catalina.startup.VersionLoggerListener.log Server version number: 9.0.31.0
17-Oct-2023 11:50:00.426 資訊 [main] org.apache.catalina.startup.VersionLoggerListener.log OS Name:               Windows 11
17-Oct-2023 11:50:00.426 資訊 [main] org.apache.catalina.startup.VersionLoggerListener.log OS Version:            10.0
17-Oct-2023 11:50:00.426 資訊 [main] org.apache.catalina.startup.VersionLoggerListener.log Architecture:          amd64
17-Oct-2023 11:50:00.427 資訊 [main] org.apache.catalina.startup.VersionLoggerListener.log Java Home:             C:\jdk8\jre
17-Oct-2023 11:50:00.427 資訊 [main] org.apache.catalina.startup.VersionLoggerListener.log JVM Version:           1.8.0_361-b09
17-Oct-2023 11:50:00.427 資訊 [main] org.apache.catalina.startup.VersionLoggerListener.log JVM Vendor:            Oracle Corporation
17-Oct-2023 11:50:00.427 資訊 [main] org.apache.catalina.startup.VersionLoggerListener.log CATALINA_BASE:         C:\MyWeb\apache-tomcat-9.0.31
17-Oct-2023 11:50:00.427 資訊 [main] org.apache.catalina.startup.VersionLoggerListener.log CATALINA_HOME:         C:\MyWeb\apache-tomcat-9.0.31
17-Oct-2023 11:50:00.428 資訊 [main] org.apache.catalina.startup.VersionLoggerListener.log Command line argument: -Djava.util.logging.config.file=C:\MyWeb\apache-tomcat-9.0.31\conf\logging.properties
17-Oct-2023 11:50:00.429 資訊 [main] org.apache.catalina.startup.VersionLoggerListener.log Command line argument: -Djava.util.logging.manager=org.apache.juli.ClassLoaderLogManager
17-Oct-2023 11:50:00.429 資訊 [main] org.apache.catalina.startup.VersionLoggerListener.log Command line argument: -Djdk.tls.ephemeralDHKeySize=2048
17-Oct-2023 11:50:00.429 資訊 [main] org.apache.catalina.startup.VersionLoggerListener.log Command line argument: -Djava.protocol.handler.pkgs=org.apache.catalina.webresources
17-Oct-2023 11:50:00.430 資訊 [main] org.apache.catalina.startup.VersionLoggerListener.log Command line argument: -Dignore.endorsed.dirs=
17-Oct-2023 11:50:00.430 資訊 [main] org.apache.catalina.startup.VersionLoggerListener.log Command line argument: -Dcatalina.base=C:\MyWeb\apache-tomcat-9.0.31
17-Oct-2023 11:50:00.430 資訊 [main] org.apache.catalina.startup.VersionLoggerListener.log Command line argument: -Dcatalina.home=C:\MyWeb\apache-tomcat-9.0.31
17-Oct-2023 11:50:00.430 資訊 [main] org.apache.catalina.startup.VersionLoggerListener.log Command line argument: -Djava.io.tmpdir=C:\MyWeb\apache-tomcat-9.0.31\temp
17-Oct-2023 11:50:00.431 資訊 [main] org.apache.catalina.core.AprLifecycleListener.lifecycleEvent Loaded APR based Apache Tomcat Native library [1.2.23] using APR version [1.7.0].
17-Oct-2023 11:50:00.431 資訊 [main] org.apache.catalina.core.AprLifecycleListener.lifecycleEvent APR capabilities: IPv6 [true], sendfile [true], accept filters [false], random [true].
17-Oct-2023 11:50:00.431 資訊 [main] org.apache.catalina.core.AprLifecycleListener.lifecycleEvent APR/OpenSSL configuration: useAprConnector [false], useOpenSSL [true]
17-Oct-2023 11:50:00.435 資訊 [main] org.apache.catalina.core.AprLifecycleListener.initializeSSL OpenSSL successfully initialized [OpenSSL 1.1.1c  28 May 2019]
17-Oct-2023 11:50:00.651 資訊 [main] org.apache.coyote.AbstractProtocol.init Initializing ProtocolHandler ["http-nio-8080"]
17-Oct-2023 11:50:00.799 資訊 [main] org.apache.catalina.startup.Catalina.load Server initialization in [506] milliseconds
17-Oct-2023 11:50:00.837 資訊 [main] org.apache.catalina.core.StandardService.startInternal Starting service [Catalina]
17-Oct-2023 11:50:00.838 資訊 [main] org.apache.catalina.core.StandardEngine.startInternal Starting Servlet engine: [Apache Tomcat/9.0.31]
17-Oct-2023 11:50:00.850 資訊 [main] org.apache.catalina.startup.HostConfig.deployWAR Deploying web application archive [C:\MyWeb\apache-tomcat-9.0.31\webapps\Test17.war]
17-Oct-2023 11:50:01.056 資訊 [main] org.apache.catalina.startup.HostConfig.deployWAR Deployment of web application archive [C:\MyWeb\apache-tomcat-9.0.31\webapps\Test17.war] has finished in [207] ms
17-Oct-2023 11:50:01.104 資訊 [main] org.apache.catalina.startup.HostConfig.deployWAR Deploying web application archive [C:\MyWeb\apache-tomcat-9.0.31\webapps\Test2.war]
17-Oct-2023 11:50:01.156 資訊 [main] org.apache.catalina.startup.HostConfig.deployWAR Deployment of web application archive [C:\MyWeb\apache-tomcat-9.0.31\webapps\Test2.war] has finished in [51] ms
17-Oct-2023 11:50:01.157 資訊 [main] org.apache.catalina.startup.HostConfig.deployDirectory Deploying web application directory [C:\MyWeb\apache-tomcat-9.0.31\webapps\docs]
17-Oct-2023 11:50:01.189 資訊 [main] org.apache.catalina.startup.HostConfig.deployDirectory Deployment of web application directory [C:\MyWeb\apache-tomcat-9.0.31\webapps\docs] has finished in [33] ms
17-Oct-2023 11:50:01.190 資訊 [main] org.apache.catalina.startup.HostConfig.deployDirectory Deploying web application directory [C:\MyWeb\apache-tomcat-9.0.31\webapps\examples]
17-Oct-2023 11:50:02.788 資訊 [main] org.apache.catalina.startup.HostConfig.deployDirectory Deployment of web application directory [C:\MyWeb\apache-tomcat-9.0.31\webapps\examples] has finished in [1,598] ms
17-Oct-2023 11:50:02.789 資訊 [main] org.apache.catalina.startup.HostConfig.deployDirectory Deploying web application directory [C:\MyWeb\apache-tomcat-9.0.31\webapps\host-manager]
17-Oct-2023 11:50:02.831 資訊 [main] org.apache.catalina.startup.HostConfig.deployDirectory Deployment of web application directory [C:\MyWeb\apache-tomcat-9.0.31\webapps\host-manager] has finished in [42] ms
17-Oct-2023 11:50:02.831 資訊 [main] org.apache.catalina.startup.HostConfig.deployDirectory Deploying web application directory [C:\MyWeb\apache-tomcat-9.0.31\webapps\manager]
17-Oct-2023 11:50:02.882 資訊 [main] org.apache.catalina.startup.HostConfig.deployDirectory Deployment of web application directory [C:\MyWeb\apache-tomcat-9.0.31\webapps\manager] has finished in [51] ms
17-Oct-2023 11:50:02.882 資訊 [main] org.apache.catalina.startup.HostConfig.deployDirectory Deploying web application directory [C:\MyWeb\apache-tomcat-9.0.31\webapps\ROOT]
17-Oct-2023 11:50:02.927 資訊 [main] org.apache.catalina.startup.HostConfig.deployDirectory Deployment of web application directory [C:\MyWeb\apache-tomcat-9.0.31\webapps\ROOT] has finished in [45] ms
17-Oct-2023 11:50:02.930 資訊 [main] org.apache.coyote.AbstractProtocol.start Starting ProtocolHandler ["http-nio-8080"]
17-Oct-2023 11:50:02.937 資訊 [main] org.apache.catalina.startup.Catalina.start Server startup in [2,137] milliseconds
17-Oct-2023 12:06:01.674 資訊 [main] org.apache.catalina.core.StandardServer.await A valid shutdown command was received via the shutdown port. Stopping the Server instance.
17-Oct-2023 12:06:01.675 資訊 [main] org.apache.coyote.AbstractProtocol.pause Pausing ProtocolHandler ["http-nio-8080"]
17-Oct-2023 12:06:01.963 資訊 [main] org.apache.catalina.core.StandardService.stopInternal Stopping service [Catalina]
17-Oct-2023 12:06:02.004 資訊 [main] org.apache.coyote.AbstractProtocol.stop Stopping ProtocolHandler ["http-nio-8080"]
17-Oct-2023 12:06:02.008 資訊 [main] org.apache.coyote.AbstractProtocol.destroy Destroying ProtocolHandler ["http-nio-8080"]
17-Oct-2023 15:03:07.229 嚴重 [main] org.apache.catalina.startup.Catalina.stopServer Could not contact [localhost:8005] (base port [8005] and offset [0]). Tomcat may not be running.
