25-Sep-2023 18:55:46.516 資訊 [main] org.apache.catalina.startup.VersionLoggerListener.log Server version name:   Apache Tomcat/9.0.31
25-Sep-2023 18:55:46.546 資訊 [main] org.apache.catalina.startup.VersionLoggerListener.log Server built:          Feb 5 2020 19:32:12 UTC
25-Sep-2023 18:55:46.547 資訊 [main] org.apache.catalina.startup.VersionLoggerListener.log Server version number: 9.0.31.0
25-Sep-2023 18:55:46.547 資訊 [main] org.apache.catalina.startup.VersionLoggerListener.log OS Name:               Windows 11
25-Sep-2023 18:55:46.547 資訊 [main] org.apache.catalina.startup.VersionLoggerListener.log OS Version:            10.0
25-Sep-2023 18:55:46.548 資訊 [main] org.apache.catalina.startup.VersionLoggerListener.log Architecture:          amd64
25-Sep-2023 18:55:46.548 資訊 [main] org.apache.catalina.startup.VersionLoggerListener.log Java Home:             C:\jdk8\jre
25-Sep-2023 18:55:46.548 資訊 [main] org.apache.catalina.startup.VersionLoggerListener.log JVM Version:           1.8.0_361-b09
25-Sep-2023 18:55:46.549 資訊 [main] org.apache.catalina.startup.VersionLoggerListener.log JVM Vendor:            Oracle Corporation
25-Sep-2023 18:55:46.549 資訊 [main] org.apache.catalina.startup.VersionLoggerListener.log CATALINA_BASE:         C:\MyWeb\apache-tomcat-9.0.31
25-Sep-2023 18:55:46.549 資訊 [main] org.apache.catalina.startup.VersionLoggerListener.log CATALINA_HOME:         C:\MyWeb\apache-tomcat-9.0.31
25-Sep-2023 18:55:46.551 資訊 [main] org.apache.catalina.startup.VersionLoggerListener.log Command line argument: -Djava.util.logging.config.file=C:\MyWeb\apache-tomcat-9.0.31\conf\logging.properties
25-Sep-2023 18:55:46.551 資訊 [main] org.apache.catalina.startup.VersionLoggerListener.log Command line argument: -Djava.util.logging.manager=org.apache.juli.ClassLoaderLogManager
25-Sep-2023 18:55:46.552 資訊 [main] org.apache.catalina.startup.VersionLoggerListener.log Command line argument: -Djdk.tls.ephemeralDHKeySize=2048
25-Sep-2023 18:55:46.552 資訊 [main] org.apache.catalina.startup.VersionLoggerListener.log Command line argument: -Djava.protocol.handler.pkgs=org.apache.catalina.webresources
25-Sep-2023 18:55:46.552 資訊 [main] org.apache.catalina.startup.VersionLoggerListener.log Command line argument: -Dignore.endorsed.dirs=
25-Sep-2023 18:55:46.553 資訊 [main] org.apache.catalina.startup.VersionLoggerListener.log Command line argument: -Dcatalina.base=C:\MyWeb\apache-tomcat-9.0.31
25-Sep-2023 18:55:46.553 資訊 [main] org.apache.catalina.startup.VersionLoggerListener.log Command line argument: -Dcatalina.home=C:\MyWeb\apache-tomcat-9.0.31
25-Sep-2023 18:55:46.553 資訊 [main] org.apache.catalina.startup.VersionLoggerListener.log Command line argument: -Djava.io.tmpdir=C:\MyWeb\apache-tomcat-9.0.31\temp
25-Sep-2023 18:55:46.554 資訊 [main] org.apache.catalina.core.AprLifecycleListener.lifecycleEvent Loaded APR based Apache Tomcat Native library [1.2.23] using APR version [1.7.0].
25-Sep-2023 18:55:46.554 資訊 [main] org.apache.catalina.core.AprLifecycleListener.lifecycleEvent APR capabilities: IPv6 [true], sendfile [true], accept filters [false], random [true].
25-Sep-2023 18:55:46.554 資訊 [main] org.apache.catalina.core.AprLifecycleListener.lifecycleEvent APR/OpenSSL configuration: useAprConnector [false], useOpenSSL [true]
25-Sep-2023 18:55:46.568 資訊 [main] org.apache.catalina.core.AprLifecycleListener.initializeSSL OpenSSL successfully initialized [OpenSSL 1.1.1c  28 May 2019]
25-Sep-2023 18:55:47.789 資訊 [main] org.apache.coyote.AbstractProtocol.init Initializing ProtocolHandler ["http-nio-8080"]
25-Sep-2023 18:55:48.016 資訊 [main] org.apache.catalina.startup.Catalina.load Server initialization in [1,714] milliseconds
25-Sep-2023 18:55:48.065 資訊 [main] org.apache.catalina.core.StandardService.startInternal Starting service [Catalina]
25-Sep-2023 18:55:48.065 資訊 [main] org.apache.catalina.core.StandardEngine.startInternal Starting Servlet engine: [Apache Tomcat/9.0.31]
25-Sep-2023 18:55:48.071 資訊 [main] org.apache.catalina.startup.HostConfig.deployDirectory Deploying web application directory [C:\MyWeb\apache-tomcat-9.0.31\webapps\docs]
25-Sep-2023 18:55:48.313 資訊 [main] org.apache.catalina.startup.HostConfig.deployDirectory Deployment of web application directory [C:\MyWeb\apache-tomcat-9.0.31\webapps\docs] has finished in [241] ms
25-Sep-2023 18:55:48.313 資訊 [main] org.apache.catalina.startup.HostConfig.deployDirectory Deploying web application directory [C:\MyWeb\apache-tomcat-9.0.31\webapps\examples]
25-Sep-2023 18:55:49.632 資訊 [main] org.apache.catalina.startup.HostConfig.deployDirectory Deployment of web application directory [C:\MyWeb\apache-tomcat-9.0.31\webapps\examples] has finished in [1,319] ms
25-Sep-2023 18:55:49.633 資訊 [main] org.apache.catalina.startup.HostConfig.deployDirectory Deploying web application directory [C:\MyWeb\apache-tomcat-9.0.31\webapps\host-manager]
25-Sep-2023 18:55:49.684 資訊 [main] org.apache.catalina.startup.HostConfig.deployDirectory Deployment of web application directory [C:\MyWeb\apache-tomcat-9.0.31\webapps\host-manager] has finished in [51] ms
25-Sep-2023 18:55:49.685 資訊 [main] org.apache.catalina.startup.HostConfig.deployDirectory Deploying web application directory [C:\MyWeb\apache-tomcat-9.0.31\webapps\manager]
25-Sep-2023 18:55:49.727 資訊 [main] org.apache.catalina.startup.HostConfig.deployDirectory Deployment of web application directory [C:\MyWeb\apache-tomcat-9.0.31\webapps\manager] has finished in [42] ms
25-Sep-2023 18:55:49.728 資訊 [main] org.apache.catalina.startup.HostConfig.deployDirectory Deploying web application directory [C:\MyWeb\apache-tomcat-9.0.31\webapps\ROOT]
25-Sep-2023 18:55:49.755 資訊 [main] org.apache.catalina.startup.HostConfig.deployDirectory Deployment of web application directory [C:\MyWeb\apache-tomcat-9.0.31\webapps\ROOT] has finished in [27] ms
25-Sep-2023 18:55:49.758 資訊 [main] org.apache.coyote.AbstractProtocol.start Starting ProtocolHandler ["http-nio-8080"]
25-Sep-2023 18:55:49.767 資訊 [main] org.apache.catalina.startup.Catalina.start Server startup in [1,749] milliseconds
25-Sep-2023 18:57:19.233 資訊 [main] org.apache.catalina.core.StandardServer.await A valid shutdown command was received via the shutdown port. Stopping the Server instance.
25-Sep-2023 18:57:19.234 資訊 [main] org.apache.coyote.AbstractProtocol.pause Pausing ProtocolHandler ["http-nio-8080"]
25-Sep-2023 18:57:19.658 資訊 [main] org.apache.catalina.core.StandardService.stopInternal Stopping service [Catalina]
25-Sep-2023 18:57:19.700 資訊 [main] org.apache.coyote.AbstractProtocol.stop Stopping ProtocolHandler ["http-nio-8080"]
25-Sep-2023 18:57:19.709 資訊 [main] org.apache.coyote.AbstractProtocol.destroy Destroying ProtocolHandler ["http-nio-8080"]
