08-Nov-2023 23:00:47.709 嚴重 [main] org.apache.catalina.startup.Catalina.stopServer Could not contact [localhost:8005] (base port [8005] and offset [0]). Tomcat may not be running.
08-Nov-2023 23:00:47.712 嚴重 [main] org.apache.catalina.startup.Catalina.stopServer Error stopping Catalina
	java.net.ConnectException: Connection refused: connect
		at java.net.DualStackPlainSocketImpl.connect0(Native Method)
		at java.net.DualStackPlainSocketImpl.socketConnect(DualStackPlainSocketImpl.java:75)
		at java.net.AbstractPlainSocketImpl.doConnect(AbstractPlainSocketImpl.java:476)
		at java.net.AbstractPlainSocketImpl.connectToAddress(AbstractPlainSocketImpl.java:218)
		at java.net.AbstractPlainSocketImpl.connect(AbstractPlainSocketImpl.java:200)
		at java.net.PlainSocketImpl.connect(PlainSocketImpl.java:162)
		at java.net.SocksSocketImpl.connect(SocksSocketImpl.java:394)
		at java.net.Socket.connect(Socket.java:606)
		at java.net.Socket.connect(Socket.java:555)
		at java.net.Socket.<init>(Socket.java:451)
		at java.net.Socket.<init>(Socket.java:228)
		at org.apache.catalina.startup.Catalina.stopServer(Catalina.java:513)
		at sun.reflect.NativeMethodAccessorImpl.invoke0(Native Method)
		at sun.reflect.NativeMethodAccessorImpl.invoke(NativeMethodAccessorImpl.java:62)
		at sun.reflect.DelegatingMethodAccessorImpl.invoke(DelegatingMethodAccessorImpl.java:43)
		at java.lang.reflect.Method.invoke(Method.java:498)
		at org.apache.catalina.startup.Bootstrap.stopServer(Bootstrap.java:389)
		at org.apache.catalina.startup.Bootstrap.main(Bootstrap.java:479)
08-Nov-2023 23:01:10.129 資訊 [main] org.apache.catalina.startup.VersionLoggerListener.log Server version name:   Apache Tomcat/9.0.31
08-Nov-2023 23:01:10.131 資訊 [main] org.apache.catalina.startup.VersionLoggerListener.log Server built:          Feb 5 2020 19:32:12 UTC
08-Nov-2023 23:01:10.131 資訊 [main] org.apache.catalina.startup.VersionLoggerListener.log Server version number: 9.0.31.0
08-Nov-2023 23:01:10.132 資訊 [main] org.apache.catalina.startup.VersionLoggerListener.log OS Name:               Windows 11
08-Nov-2023 23:01:10.132 資訊 [main] org.apache.catalina.startup.VersionLoggerListener.log OS Version:            10.0
08-Nov-2023 23:01:10.132 資訊 [main] org.apache.catalina.startup.VersionLoggerListener.log Architecture:          amd64
08-Nov-2023 23:01:10.132 資訊 [main] org.apache.catalina.startup.VersionLoggerListener.log Java Home:             C:\jdk8\jre
08-Nov-2023 23:01:10.132 資訊 [main] org.apache.catalina.startup.VersionLoggerListener.log JVM Version:           1.8.0_361-b09
08-Nov-2023 23:01:10.133 資訊 [main] org.apache.catalina.startup.VersionLoggerListener.log JVM Vendor:            Oracle Corporation
08-Nov-2023 23:01:10.133 資訊 [main] org.apache.catalina.startup.VersionLoggerListener.log CATALINA_BASE:         C:\MyWeb\apache-tomcat-9.0.31
08-Nov-2023 23:01:10.133 資訊 [main] org.apache.catalina.startup.VersionLoggerListener.log CATALINA_HOME:         C:\MyWeb\apache-tomcat-9.0.31
08-Nov-2023 23:01:10.135 資訊 [main] org.apache.catalina.startup.VersionLoggerListener.log Command line argument: -Djava.util.logging.config.file=C:\MyWeb\apache-tomcat-9.0.31\conf\logging.properties
08-Nov-2023 23:01:10.135 資訊 [main] org.apache.catalina.startup.VersionLoggerListener.log Command line argument: -Djava.util.logging.manager=org.apache.juli.ClassLoaderLogManager
08-Nov-2023 23:01:10.135 資訊 [main] org.apache.catalina.startup.VersionLoggerListener.log Command line argument: -Djdk.tls.ephemeralDHKeySize=2048
08-Nov-2023 23:01:10.135 資訊 [main] org.apache.catalina.startup.VersionLoggerListener.log Command line argument: -Djava.protocol.handler.pkgs=org.apache.catalina.webresources
08-Nov-2023 23:01:10.136 資訊 [main] org.apache.catalina.startup.VersionLoggerListener.log Command line argument: -Dignore.endorsed.dirs=
08-Nov-2023 23:01:10.136 資訊 [main] org.apache.catalina.startup.VersionLoggerListener.log Command line argument: -Dcatalina.base=C:\MyWeb\apache-tomcat-9.0.31
08-Nov-2023 23:01:10.137 資訊 [main] org.apache.catalina.startup.VersionLoggerListener.log Command line argument: -Dcatalina.home=C:\MyWeb\apache-tomcat-9.0.31
08-Nov-2023 23:01:10.137 資訊 [main] org.apache.catalina.startup.VersionLoggerListener.log Command line argument: -Djava.io.tmpdir=C:\MyWeb\apache-tomcat-9.0.31\temp
08-Nov-2023 23:01:10.137 資訊 [main] org.apache.catalina.core.AprLifecycleListener.lifecycleEvent Loaded APR based Apache Tomcat Native library [1.2.23] using APR version [1.7.0].
08-Nov-2023 23:01:10.137 資訊 [main] org.apache.catalina.core.AprLifecycleListener.lifecycleEvent APR capabilities: IPv6 [true], sendfile [true], accept filters [false], random [true].
08-Nov-2023 23:01:10.138 資訊 [main] org.apache.catalina.core.AprLifecycleListener.lifecycleEvent APR/OpenSSL configuration: useAprConnector [false], useOpenSSL [true]
08-Nov-2023 23:01:10.141 資訊 [main] org.apache.catalina.core.AprLifecycleListener.initializeSSL OpenSSL successfully initialized [OpenSSL 1.1.1c  28 May 2019]
08-Nov-2023 23:01:10.389 資訊 [main] org.apache.coyote.AbstractProtocol.init Initializing ProtocolHandler ["http-nio-8080"]
08-Nov-2023 23:01:10.605 資訊 [main] org.apache.catalina.startup.Catalina.load Server initialization in [611] milliseconds
08-Nov-2023 23:01:10.643 資訊 [main] org.apache.catalina.core.StandardService.startInternal Starting service [Catalina]
08-Nov-2023 23:01:10.643 資訊 [main] org.apache.catalina.core.StandardEngine.startInternal Starting Servlet engine: [Apache Tomcat/9.0.31]
08-Nov-2023 23:01:10.714 資訊 [main] org.apache.catalina.startup.HostConfig.deployWAR Deploying web application archive [C:\MyWeb\apache-tomcat-9.0.31\webapps\Test17.war]
08-Nov-2023 23:01:10.927 資訊 [main] org.apache.catalina.startup.HostConfig.deployWAR Deployment of web application archive [C:\MyWeb\apache-tomcat-9.0.31\webapps\Test17.war] has finished in [213] ms
08-Nov-2023 23:01:10.982 資訊 [main] org.apache.catalina.startup.HostConfig.deployWAR Deploying web application archive [C:\MyWeb\apache-tomcat-9.0.31\webapps\Test2.war]
08-Nov-2023 23:01:11.035 資訊 [main] org.apache.catalina.startup.HostConfig.deployWAR Deployment of web application archive [C:\MyWeb\apache-tomcat-9.0.31\webapps\Test2.war] has finished in [52] ms
08-Nov-2023 23:01:11.036 資訊 [main] org.apache.catalina.startup.HostConfig.deployDirectory Deploying web application directory [C:\MyWeb\apache-tomcat-9.0.31\webapps\docs]
08-Nov-2023 23:01:11.064 資訊 [main] org.apache.catalina.startup.HostConfig.deployDirectory Deployment of web application directory [C:\MyWeb\apache-tomcat-9.0.31\webapps\docs] has finished in [28] ms
08-Nov-2023 23:01:11.065 資訊 [main] org.apache.catalina.startup.HostConfig.deployDirectory Deploying web application directory [C:\MyWeb\apache-tomcat-9.0.31\webapps\examples]
08-Nov-2023 23:01:12.403 資訊 [main] org.apache.catalina.startup.HostConfig.deployDirectory Deployment of web application directory [C:\MyWeb\apache-tomcat-9.0.31\webapps\examples] has finished in [1,338] ms
08-Nov-2023 23:01:12.405 資訊 [main] org.apache.catalina.startup.HostConfig.deployDirectory Deploying web application directory [C:\MyWeb\apache-tomcat-9.0.31\webapps\host-manager]
08-Nov-2023 23:01:12.445 資訊 [main] org.apache.catalina.startup.HostConfig.deployDirectory Deployment of web application directory [C:\MyWeb\apache-tomcat-9.0.31\webapps\host-manager] has finished in [40] ms
08-Nov-2023 23:01:12.446 資訊 [main] org.apache.catalina.startup.HostConfig.deployDirectory Deploying web application directory [C:\MyWeb\apache-tomcat-9.0.31\webapps\manager]
08-Nov-2023 23:01:12.491 資訊 [main] org.apache.catalina.startup.HostConfig.deployDirectory Deployment of web application directory [C:\MyWeb\apache-tomcat-9.0.31\webapps\manager] has finished in [45] ms
08-Nov-2023 23:01:12.492 資訊 [main] org.apache.catalina.startup.HostConfig.deployDirectory Deploying web application directory [C:\MyWeb\apache-tomcat-9.0.31\webapps\ROOT]
08-Nov-2023 23:01:12.527 資訊 [main] org.apache.catalina.startup.HostConfig.deployDirectory Deployment of web application directory [C:\MyWeb\apache-tomcat-9.0.31\webapps\ROOT] has finished in [35] ms
08-Nov-2023 23:01:12.530 資訊 [main] org.apache.coyote.AbstractProtocol.start Starting ProtocolHandler ["http-nio-8080"]
08-Nov-2023 23:01:12.537 資訊 [main] org.apache.catalina.startup.Catalina.start Server startup in [1,930] milliseconds
08-Nov-2023 23:01:18.813 嚴重 [main] org.apache.catalina.startup.Catalina.stopServer Could not contact [localhost:8005] (base port [8005] and offset [0]). Tomcat may not be running.
08-Nov-2023 23:01:18.819 嚴重 [main] org.apache.catalina.startup.Catalina.stopServer Error stopping Catalina
	java.net.ConnectException: Connection refused: connect
		at java.net.DualStackPlainSocketImpl.connect0(Native Method)
		at java.net.DualStackPlainSocketImpl.socketConnect(DualStackPlainSocketImpl.java:75)
		at java.net.AbstractPlainSocketImpl.doConnect(AbstractPlainSocketImpl.java:476)
		at java.net.AbstractPlainSocketImpl.connectToAddress(AbstractPlainSocketImpl.java:218)
		at java.net.AbstractPlainSocketImpl.connect(AbstractPlainSocketImpl.java:200)
		at java.net.PlainSocketImpl.connect(PlainSocketImpl.java:162)
		at java.net.SocksSocketImpl.connect(SocksSocketImpl.java:394)
		at java.net.Socket.connect(Socket.java:606)
		at java.net.Socket.connect(Socket.java:555)
		at java.net.Socket.<init>(Socket.java:451)
		at java.net.Socket.<init>(Socket.java:228)
		at org.apache.catalina.startup.Catalina.stopServer(Catalina.java:513)
		at sun.reflect.NativeMethodAccessorImpl.invoke0(Native Method)
		at sun.reflect.NativeMethodAccessorImpl.invoke(NativeMethodAccessorImpl.java:62)
		at sun.reflect.DelegatingMethodAccessorImpl.invoke(DelegatingMethodAccessorImpl.java:43)
		at java.lang.reflect.Method.invoke(Method.java:498)
		at org.apache.catalina.startup.Bootstrap.stopServer(Bootstrap.java:389)
		at org.apache.catalina.startup.Bootstrap.main(Bootstrap.java:479)
